2024-09-24 22:30:45.946 [info] (Client) Pylance async client (2024.9.2) started with python extension (2024.14.1)
2024-09-24 22:30:47.087 [info] [Info  - 10:30:46 PM] (681) Server root directory: file:///home/vasant_sam/.vscode-server/extensions/ms-python.vscode-pylance-2024.9.2/dist
2024-09-24 22:30:47.108 [info] [Info  - 10:30:47 PM] (681) Pylance language server 2024.9.2 (pyright version 1.1.378, commit ce64adc1) starting
2024-09-24 22:30:47.196 [info] [Info  - 10:30:47 PM] (681) Starting service instance "<default>"
2024-09-24 22:30:47.262 [info] [Info  - 10:30:47 PM] (681) Setting environmentName for service "<default>": "3.10.12 (global)"
2024-09-24 22:30:47.264 [info] [Info  - 10:30:47 PM] (681) Setting pythonPath for service "<default>": "/bin/python3"
2024-09-24 22:30:47.265 [info] [Info  - 10:30:47 PM] (681) No include entries specified; assuming /<default workspace root>
2024-09-24 22:30:47.268 [info] [Info  - 10:30:47 PM] (681) Auto-excluding **/node_modules
2024-09-24 22:30:47.269 [info] [Info  - 10:30:47 PM] (681) Auto-excluding **/__pycache__
2024-09-24 22:30:47.270 [info] [Info  - 10:30:47 PM] (681) Auto-excluding **/.*
2024-09-24 22:30:47.351 [info] [Info  - 10:30:47 PM] (681) Assuming Python version 3.10.12.final.0
2024-09-24 22:30:47.552 [info] [Error - 10:30:47 PM] (681) File or directory "/<default workspace root>" does not exist.
2024-09-24 22:30:47.553 [info] [Info  - 10:30:47 PM] (681) No source files found.
2024-09-24 22:30:47.670 [info] [Info  - 10:30:47 PM] (681) Setting environmentName for service "<default>": "3.10.12 (global)"
2024-09-24 22:30:47.671 [info] [Info  - 10:30:47 PM] (681) Setting pythonPath for service "<default>": "/bin/python3"
2024-09-24 22:30:47.672 [info] [Info  - 10:30:47 PM] (681) No include entries specified; assuming /<default workspace root>
2024-09-24 22:30:47.672 [info] [Info  - 10:30:47 PM] (681) Auto-excluding **/node_modules
2024-09-24 22:30:47.672 [info] [Info  - 10:30:47 PM] (681) Auto-excluding **/__pycache__
2024-09-24 22:30:47.673 [info] [Info  - 10:30:47 PM] (681) Auto-excluding **/.*
2024-09-24 22:30:47.730 [info] [Info  - 10:30:47 PM] (681) Assuming Python version 3.10.12.final.0
2024-09-24 22:30:47.833 [info] [Error - 10:30:47 PM] (681) File or directory "/<default workspace root>" does not exist.
2024-09-24 22:30:47.839 [info] [Info  - 10:30:47 PM] (681) No source files found.
2024-09-24 22:30:48.457 [info] [Info  - 10:30:48 PM] (681) Background analysis(1) root directory: file:///home/vasant_sam/.vscode-server/extensions/ms-python.vscode-pylance-2024.9.2/dist
2024-09-24 22:30:48.463 [info] [Info  - 10:30:48 PM] (681) Background analysis(1) started
