2024-09-17 22:48:59.789 [info] (Client) Pylance async client (2024.8.1) started with python extension (2024.12.3)
2024-09-17 22:49:01.011 [info] [Info  - 10:49:00 PM] (693) Server root directory: file:///home/vasant_sam/.vscode-server/extensions/ms-python.vscode-pylance-2024.8.1/dist
2024-09-17 22:49:01.102 [info] [Info  - 10:49:01 PM] (693) Experimental Pylance language server 2024.8.1 (pyright version 1.1.373, commit ee424479) starting
2024-09-17 22:49:01.145 [info] [Info  - 10:49:01 PM] (693) Starting service instance "<default>"
2024-09-17 22:49:01.226 [info] [Info  - 10:49:01 PM] (693) Setting pythonPath for service "<default>": "/bin/python3"
2024-09-17 22:49:01.230 [info] [Info  - 10:49:01 PM] (693) Setting environmentName for service "<default>": "3.10.12 (global)"
2024-09-17 22:49:01.230 [info] [Info  - 10:49:01 PM] (693) No include entries specified; assuming /<default workspace root>
2024-09-17 22:49:01.230 [info] [Info  - 10:49:01 PM] (693) Auto-excluding **/node_modules
2024-09-17 22:49:01.231 [info] [Info  - 10:49:01 PM] (693) Auto-excluding **/__pycache__
2024-09-17 22:49:01.231 [info] [Info  - 10:49:01 PM] (693) Auto-excluding **/.*
2024-09-17 22:49:01.286 [info] [Info  - 10:49:01 PM] (693) Assuming Python version 3.10.12.final.0
2024-09-17 22:49:01.616 [info] [Error - 10:49:01 PM] (693) File or directory "/<default workspace root>" does not exist.
2024-09-17 22:49:01.617 [info] [Info  - 10:49:01 PM] (693) No source files found.
2024-09-17 22:49:01.755 [info] [Info  - 10:49:01 PM] (693) Setting pythonPath for service "<default>": "/bin/python3"
2024-09-17 22:49:01.756 [info] [Info  - 10:49:01 PM] (693) Setting environmentName for service "<default>": "3.10.12 (global)"
2024-09-17 22:49:01.756 [info] [Info  - 10:49:01 PM] (693) No include entries specified; assuming /<default workspace root>
2024-09-17 22:49:01.756 [info] [Info  - 10:49:01 PM] (693) Auto-excluding **/node_modules
2024-09-17 22:49:01.758 [info] [Info  - 10:49:01 PM] (693) Auto-excluding **/__pycache__
2024-09-17 22:49:01.759 [info] [Info  - 10:49:01 PM] (693) Auto-excluding **/.*
2024-09-17 22:49:01.812 [info] [Info  - 10:49:01 PM] (693) Assuming Python version 3.10.12.final.0
2024-09-17 22:49:01.935 [info] [Error - 10:49:01 PM] (693) File or directory "/<default workspace root>" does not exist.
2024-09-17 22:49:01.940 [info] [Info  - 10:49:01 PM] (693) No source files found.
2024-09-17 22:49:02.419 [info] [Info  - 10:49:02 PM] (693) Background analysis(1) root directory: file:///home/vasant_sam/.vscode-server/extensions/ms-python.vscode-pylance-2024.8.1/dist
2024-09-17 22:49:02.419 [info] [Info  - 10:49:02 PM] (693) Background analysis(1) started
