2024-08-22 22:58:01.137 [info] Extension host with pid 17615 started
2024-08-22 22:58:01.303 [info] ExtensionService#_doActivateExtension vscode.emmet, startup: false, activationEvent: 'onLanguage'
2024-08-22 22:58:01.470 [info] ExtensionService#_doActivateExtension vscode.git-base, startup: true, activationEvent: '*', root cause: vscode.git
2024-08-22 22:58:01.500 [info] ExtensionService#_doActivateExtension vscode.git, startup: true, activationEvent: '*'
2024-08-22 22:58:01.501 [info] ExtensionService#_doActivateExtension vscode.github, startup: true, activationEvent: '*'
2024-08-22 22:58:02.125 [info] Eager extensions activated
2024-08-22 22:58:02.125 [info] ExtensionService#_doActivateExtension vscode.debug-auto-launch, startup: false, activationEvent: 'onStartupFinished'
2024-08-22 22:58:02.126 [info] ExtensionService#_doActivateExtension vscode.merge-conflict, startup: false, activationEvent: 'onStartupFinished'
2024-08-22 22:58:02.530 [info] Extension host terminating: received terminate message from renderer
2024-08-22 22:58:02.672 [error] ProxyResolver#addCertificatesV1 Canceled: Canceled
	at new C (/home/vasant_sam/.vscode-server/bin/fee1edb8d6d72a0ddff41e5f71a671c23ed924b9/out/vs/workbench/api/node/extensionHostProcess.js:144:35204)
	at y.U (/home/vasant_sam/.vscode-server/bin/fee1edb8d6d72a0ddff41e5f71a671c23ed924b9/out/vs/workbench/api/node/extensionHostProcess.js:151:6017)
	at z.<computed>.j.charCodeAt.R.CharCode.DollarSign.z.<computed> (/home/vasant_sam/.vscode-server/bin/fee1edb8d6d72a0ddff41e5f71a671c23ed924b9/out/vs/workbench/api/node/extensionHostProcess.js:151:3107)
	at F.loadCertificates (/home/vasant_sam/.vscode-server/bin/fee1edb8d6d72a0ddff41e5f71a671c23ed924b9/out/vs/workbench/api/node/extensionHostProcess.js:157:44375)
	at Object.loadAdditionalCertificates (/home/vasant_sam/.vscode-server/bin/fee1edb8d6d72a0ddff41e5f71a671c23ed924b9/out/vs/workbench/api/node/extensionHostProcess.js:139:33133)
	at /home/vasant_sam/.vscode-server/bin/fee1edb8d6d72a0ddff41e5f71a671c23ed924b9/node_modules/@vscode/proxy-agent/out/index.js:499:53
	at Generator.next (<anonymous>)
	at /home/vasant_sam/.vscode-server/bin/fee1edb8d6d72a0ddff41e5f71a671c23ed924b9/node_modules/@vscode/proxy-agent/out/index.js:35:71
	at new Promise (<anonymous>)
	at __awaiter (/home/vasant_sam/.vscode-server/bin/fee1edb8d6d72a0ddff41e5f71a671c23ed924b9/node_modules/@vscode/proxy-agent/out/index.js:31:12)
	at /home/vasant_sam/.vscode-server/bin/fee1edb8d6d72a0ddff41e5f71a671c23ed924b9/node_modules/@vscode/proxy-agent/out/index.js:498:43
	at /home/vasant_sam/.vscode-server/bin/fee1edb8d6d72a0ddff41e5f71a671c23ed924b9/node_modules/@vscode/proxy-agent/out/index.js:500:16
	at Generator.next (<anonymous>)
	at /home/vasant_sam/.vscode-server/bin/fee1edb8d6d72a0ddff41e5f71a671c23ed924b9/node_modules/@vscode/proxy-agent/out/index.js:35:71
	at new Promise (<anonymous>)
	at __awaiter (/home/vasant_sam/.vscode-server/bin/fee1edb8d6d72a0ddff41e5f71a671c23ed924b9/node_modules/@vscode/proxy-agent/out/index.js:31:12)
	at getOrLoadAdditionalCertificates (/home/vasant_sam/.vscode-server/bin/fee1edb8d6d72a0ddff41e5f71a671c23ed924b9/node_modules/@vscode/proxy-agent/out/index.js:496:12)
	at addCertificatesV1 (/home/vasant_sam/.vscode-server/bin/fee1edb8d6d72a0ddff41e5f71a671c23ed924b9/node_modules/@vscode/proxy-agent/out/index.js:480:9)
	at resolveProxy (/home/vasant_sam/.vscode-server/bin/fee1edb8d6d72a0ddff41e5f71a671c23ed924b9/node_modules/@vscode/proxy-agent/out/index.js:113:9)
	at /home/vasant_sam/.vscode-server/bin/fee1edb8d6d72a0ddff41e5f71a671c23ed924b9/node_modules/@vscode/proxy-agent/out/index.js:325:77
	at new Promise (<anonymous>)
	at _PacProxyAgent.resolveP [as resolver] (/home/vasant_sam/.vscode-server/bin/fee1edb8d6d72a0ddff41e5f71a671c23ed924b9/node_modules/@vscode/proxy-agent/out/index.js:325:54)
	at _PacProxyAgent.<anonymous> (/home/vasant_sam/.vscode-server/bin/fee1edb8d6d72a0ddff41e5f71a671c23ed924b9/node_modules/@vscode/proxy-agent/out/agent.js:70:37)
	at Generator.next (<anonymous>)
	at /home/vasant_sam/.vscode-server/bin/fee1edb8d6d72a0ddff41e5f71a671c23ed924b9/node_modules/@vscode/proxy-agent/out/agent.js:8:71
	at new Promise (<anonymous>)
	at __awaiter (/home/vasant_sam/.vscode-server/bin/fee1edb8d6d72a0ddff41e5f71a671c23ed924b9/node_modules/@vscode/proxy-agent/out/agent.js:4:12)
	at _PacProxyAgent.connect (/home/vasant_sam/.vscode-server/bin/fee1edb8d6d72a0ddff41e5f71a671c23ed924b9/node_modules/@vscode/proxy-agent/out/agent.js:52:16)
	at /home/vasant_sam/.vscode-server/bin/fee1edb8d6d72a0ddff41e5f71a671c23ed924b9/node_modules/agent-base/dist/index.js:73:30
	at process.processTicksAndRejections (node:internal/process/task_queues:95:5)
2024-08-22 22:58:02.673 [info] Extension host with pid 17615 exiting with code 0
