2024-09-23 22:52:14.705 [info] (Client) Pylance async client (2024.9.1) started with python extension (2024.14.1)
2024-09-23 22:52:16.007 [info] [Info  - 10:52:15 PM] (770) Server root directory: file:///home/vasant_sam/.vscode-server/extensions/ms-python.vscode-pylance-2024.9.1/dist
2024-09-23 22:52:16.008 [info] [Info  - 10:52:16 PM] (770) Pylance language server 2024.9.1 (pyright version 1.1.378, commit ce64adc1) starting
2024-09-23 22:52:16.049 [info] [Info  - 10:52:16 PM] (770) Starting service instance "<default>"
2024-09-23 22:52:16.118 [info] [Info  - 10:52:16 PM] (770) Setting environmentName for service "<default>": "3.10.12 (global)"
2024-09-23 22:52:16.118 [info] [Info  - 10:52:16 PM] (770) Setting pythonPath for service "<default>": "/bin/python3"
2024-09-23 22:52:16.118 [info] [Info  - 10:52:16 PM] (770) No include entries specified; assuming /<default workspace root>
2024-09-23 22:52:16.119 [info] [Info  - 10:52:16 PM] (770) Auto-excluding **/node_modules
2024-09-23 22:52:16.119 [info] [Info  - 10:52:16 PM] (770) Auto-excluding **/__pycache__
2024-09-23 22:52:16.119 [info] [Info  - 10:52:16 PM] (770) Auto-excluding **/.*
2024-09-23 22:52:16.177 [info] [Info  - 10:52:16 PM] (770) Assuming Python version 3.10.12.final.0
2024-09-23 22:52:16.445 [info] [Error - 10:52:16 PM] (770) File or directory "/<default workspace root>" does not exist.
2024-09-23 22:52:16.447 [info] [Info  - 10:52:16 PM] (770) No source files found.
2024-09-23 22:52:16.566 [info] [Info  - 10:52:16 PM] (770) Setting environmentName for service "<default>": "3.10.12 (global)"
2024-09-23 22:52:16.566 [info] [Info  - 10:52:16 PM] (770) Setting pythonPath for service "<default>": "/bin/python3"
2024-09-23 22:52:16.567 [info] [Info  - 10:52:16 PM] (770) No include entries specified; assuming /<default workspace root>
2024-09-23 22:52:16.567 [info] [Info  - 10:52:16 PM] (770) Auto-excluding **/node_modules
2024-09-23 22:52:16.567 [info] [Info  - 10:52:16 PM] (770) Auto-excluding **/__pycache__
2024-09-23 22:52:16.568 [info] [Info  - 10:52:16 PM] (770) Auto-excluding **/.*
2024-09-23 22:52:16.627 [info] [Info  - 10:52:16 PM] (770) Assuming Python version 3.10.12.final.0
2024-09-23 22:52:16.741 [info] [Error - 10:52:16 PM] (770) File or directory "/<default workspace root>" does not exist.
2024-09-23 22:52:16.749 [info] [Info  - 10:52:16 PM] (770) No source files found.
2024-09-23 22:52:17.376 [info] [Info  - 10:52:17 PM] (770) Background analysis(1) root directory: file:///home/vasant_sam/.vscode-server/extensions/ms-python.vscode-pylance-2024.9.1/dist
2024-09-23 22:52:17.378 [info] [Info  - 10:52:17 PM] (770) Background analysis(1) started
